<?xml version="1.0" encoding="UTF-8"?>
<!-- Generated by org.testng.reporters.JUnitReportReporter -->
<testsuite hostname="DESKTOP-MSUCRPV" name="org.testselenium.testselenium.test1Test" tests="1" failures="0" timestamp="10 Mar 2020 14:06:50 GMT" time="0.027" errors="0">
  <testcase name="sysomethod" time="0.027" classname="org.testselenium.testselenium.test1Test"/>
</testsuite> <!-- org.testselenium.testselenium.test1Test -->
