<?xml version="1.0" encoding="UTF-8"?>
<!-- Generated by org.testng.reporters.JUnitReportReporter -->
<testsuite hostname="DESKTOP-MSUCRPV" name="org.testselenium.testselenium.test1" tests="2" failures="0" timestamp="20 Jun 2020 13:44:26 GMT" time="0.047" errors="0">
  <testcase name="logout" time="0.013" classname="org.testselenium.testselenium.test1"/>
  <testcase name="sysomethod" time="0.034" classname="org.testselenium.testselenium.test1"/>
</testsuite> <!-- org.testselenium.testselenium.test1 -->
